<?xml version="1.0" encoding="UTF-8"?>
<testng-results skipped="0" failed="0" ignored="0" total="1" passed="1">
  <reporter-output>
  </reporter-output>
  <suite name="Default suite" duration-ms="77650" started-at="2023-05-12T23:27:48 IST" finished-at="2023-05-12T23:29:06 IST">
    <groups>
    </groups>
    <test name="Default test" duration-ms="77650" started-at="2023-05-12T23:27:48 IST" finished-at="2023-05-12T23:29:06 IST">
      <class name="testcase.datePickerExampleTestCase">
        <test-method status="PASS" signature="Setup()[pri:0, instance:testcase.datePickerExampleTestCase@12f41634]" name="Setup" duration-ms="76850" started-at="2023-05-12T23:27:48 IST" finished-at="2023-05-12T23:29:05 IST">
          <reporter-output>
          </reporter-output>
        </test-method> <!-- Setup -->
        <test-method status="PASS" signature="tearDown()[pri:0, instance:testcase.datePickerExampleTestCase@12f41634]" name="tearDown" is-config="true" duration-ms="754" started-at="2023-05-12T23:29:05 IST" finished-at="2023-05-12T23:29:06 IST">
          <reporter-output>
          </reporter-output>
        </test-method> <!-- tearDown -->
      </class> <!-- testcase.datePickerExampleTestCase -->
    </test> <!-- Default test -->
  </suite> <!-- Default suite -->
</testng-results>
